2017-04-13 16:15:14.312  INFO 6032 --- [main] com.zhb.cloud.MyCloudLogApplication      : Starting MyCloudLogApplication on DESKTOP-L7PAJRH with PID 6032 (D:\workspace\cloud3\my-cloud\my-cloud-parent\my-cloud-log\target\classes started by Administrator in D:\workspace\cloud3\my-cloud\my-cloud-parent\my-cloud-log)
2017-04-13 16:15:14.319  INFO 6032 --- [main] com.zhb.cloud.MyCloudLogApplication      : No active profile set, falling back to default profiles: default
2017-04-13 16:15:14.383  INFO 6032 --- [main] ationConfigEmbeddedWebApplicationContext : Refreshing org.springframework.boot.context.embedded.AnnotationConfigEmbeddedWebApplicationContext@efde75f: startup date [Thu Apr 13 16:15:14 CST 2017]; root of context hierarchy
2017-04-13 16:15:15.291  WARN 6032 --- [main] o.m.s.mapper.ClassPathMapperScanner      : No MyBatis mapper was found in '[com.zhb.cloud]' package. Please check your configuration.
2017-04-13 16:15:15.382  WARN 6032 --- [main] o.m.s.mapper.ClassPathMapperScanner      : No MyBatis mapper was found in '[com.zhb.cloud.mybatis.sys.mapper]' package. Please check your configuration.
2017-04-13 16:15:15.382  WARN 6032 --- [main] o.s.c.a.ConfigurationClassPostProcessor  : Cannot enhance @Configuration bean definition 'myBatisMapperScannerConfig' since its singleton instance has been created too early. The typical cause is a non-static @Bean method with a BeanDefinitionRegistryPostProcessor return type: Consider declaring such methods as 'static'.
2017-04-13 16:15:15.678  INFO 6032 --- [main] trationDelegate$BeanPostProcessorChecker : Bean 'dataSouceConfig' of type [com.zhb.cloud.config.DataSouceConfig$$EnhancerBySpringCGLIB$$e5a1f601] is not eligible for getting processed by all BeanPostProcessors (for example: not eligible for auto-proxying)
2017-04-13 16:15:15.719  INFO 6032 --- [main] trationDelegate$BeanPostProcessorChecker : Bean 'dataSource' of type [org.apache.tomcat.jdbc.pool.DataSource] is not eligible for getting processed by all BeanPostProcessors (for example: not eligible for auto-proxying)
2017-04-13 16:15:15.725  INFO 6032 --- [main] trationDelegate$BeanPostProcessorChecker : Bean 'org.springframework.boot.autoconfigure.jdbc.DataSourceAutoConfiguration' of type [org.springframework.boot.autoconfigure.jdbc.DataSourceAutoConfiguration$$EnhancerBySpringCGLIB$$110942b5] is not eligible for getting processed by all BeanPostProcessors (for example: not eligible for auto-proxying)
2017-04-13 16:15:15.952  INFO 6032 --- [main] trationDelegate$BeanPostProcessorChecker : Bean 'spring.datasource-org.springframework.boot.autoconfigure.jdbc.DataSourceProperties' of type [org.springframework.boot.autoconfigure.jdbc.DataSourceProperties] is not eligible for getting processed by all BeanPostProcessors (for example: not eligible for auto-proxying)
2017-04-13 16:15:15.956  INFO 6032 --- [main] trationDelegate$BeanPostProcessorChecker : Bean 'dataSourceInitializer' of type [org.springframework.boot.autoconfigure.jdbc.DataSourceInitializer] is not eligible for getting processed by all BeanPostProcessors (for example: not eligible for auto-proxying)
2017-04-13 16:15:15.957  INFO 6032 --- [main] trationDelegate$BeanPostProcessorChecker : Bean 'myBatisConfig' of type [com.zhb.cloud.config.MyBatisConfig$$EnhancerBySpringCGLIB$$14bd6b43] is not eligible for getting processed by all BeanPostProcessors (for example: not eligible for auto-proxying)
2017-04-13 16:15:15.978  INFO 6032 --- [main] trationDelegate$BeanPostProcessorChecker : Bean 'annotationDrivenTransactionManager' of type [org.springframework.jdbc.datasource.DataSourceTransactionManager] is not eligible for getting processed by all BeanPostProcessors (for example: not eligible for auto-proxying)
2017-04-13 16:15:15.979  INFO 6032 --- [main] trationDelegate$BeanPostProcessorChecker : Bean 'org.springframework.transaction.annotation.ProxyTransactionManagementConfiguration' of type [org.springframework.transaction.annotation.ProxyTransactionManagementConfiguration$$EnhancerBySpringCGLIB$$2f159f55] is not eligible for getting processed by all BeanPostProcessors (for example: not eligible for auto-proxying)
2017-04-13 16:15:16.412  INFO 6032 --- [main] s.b.c.e.t.TomcatEmbeddedServletContainer : Tomcat initialized with port(s): 80 (http)
2017-04-13 16:15:16.436  INFO 6032 --- [main] o.apache.catalina.core.StandardService   : Starting service Tomcat
2017-04-13 16:15:16.437  INFO 6032 --- [main] org.apache.catalina.core.StandardEngine  : Starting Servlet Engine: Apache Tomcat/8.5.11
2017-04-13 16:15:16.606  INFO 6032 --- [localhost-startStop-1] o.a.c.c.C.[Tomcat].[localhost].[/]       : Initializing Spring embedded WebApplicationContext
2017-04-13 16:15:16.607  INFO 6032 --- [localhost-startStop-1] o.s.web.context.ContextLoader            : Root WebApplicationContext: initialization completed in 2230 ms
2017-04-13 16:15:16.825  INFO 6032 --- [localhost-startStop-1] o.s.b.w.servlet.ServletRegistrationBean  : Mapping servlet: 'dispatcherServlet' to [/]
2017-04-13 16:15:16.833  INFO 6032 --- [localhost-startStop-1] o.s.b.w.servlet.FilterRegistrationBean   : Mapping filter: 'characterEncodingFilter' to: [/*]
2017-04-13 16:15:16.834  INFO 6032 --- [localhost-startStop-1] o.s.b.w.servlet.FilterRegistrationBean   : Mapping filter: 'hiddenHttpMethodFilter' to: [/*]
2017-04-13 16:15:16.835  INFO 6032 --- [localhost-startStop-1] o.s.b.w.servlet.FilterRegistrationBean   : Mapping filter: 'httpPutFormContentFilter' to: [/*]
2017-04-13 16:15:16.835  INFO 6032 --- [localhost-startStop-1] o.s.b.w.servlet.FilterRegistrationBean   : Mapping filter: 'requestContextFilter' to: [/*]
2017-04-13 16:15:16.946  INFO 6032 --- [main] com.zhb.cloud.config.MyBatisConfig       : org.mybatis.spring.SqlSessionFactoryBean
2017-04-13 16:15:17.464  INFO 6032 --- [main] s.w.s.m.m.a.RequestMappingHandlerAdapter : Looking for @ControllerAdvice: org.springframework.boot.context.embedded.AnnotationConfigEmbeddedWebApplicationContext@efde75f: startup date [Thu Apr 13 16:15:14 CST 2017]; root of context hierarchy
2017-04-13 16:15:17.529  INFO 6032 --- [main] com.zhb.cloud.config.SpringMvcConfig     : 添加登陆拦截器LoginInterceptor
2017-04-13 16:15:17.569  INFO 6032 --- [main] s.w.s.m.m.a.RequestMappingHandlerMapping : Mapped "{[/error]}" onto public org.springframework.http.ResponseEntity<java.util.Map<java.lang.String, java.lang.Object>> org.springframework.boot.autoconfigure.web.BasicErrorController.error(javax.servlet.http.HttpServletRequest)
2017-04-13 16:15:17.571  INFO 6032 --- [main] s.w.s.m.m.a.RequestMappingHandlerMapping : Mapped "{[/error],produces=[text/html]}" onto public org.springframework.web.servlet.ModelAndView org.springframework.boot.autoconfigure.web.BasicErrorController.errorHtml(javax.servlet.http.HttpServletRequest,javax.servlet.http.HttpServletResponse)
2017-04-13 16:15:17.613  INFO 6032 --- [main] o.s.w.s.handler.SimpleUrlHandlerMapping  : Mapped URL path [/webjars/**] onto handler of type [class org.springframework.web.servlet.resource.ResourceHttpRequestHandler]
2017-04-13 16:15:17.616  INFO 6032 --- [main] o.s.w.s.handler.SimpleUrlHandlerMapping  : Mapped URL path [/**] onto handler of type [class org.springframework.web.servlet.resource.ResourceHttpRequestHandler]
2017-04-13 16:15:17.660  INFO 6032 --- [main] o.s.w.s.handler.SimpleUrlHandlerMapping  : Mapped URL path [/**/favicon.ico] onto handler of type [class org.springframework.web.servlet.resource.ResourceHttpRequestHandler]
2017-04-13 16:15:18.083  INFO 6032 --- [main] o.s.j.e.a.AnnotationMBeanExporter        : Registering beans for JMX exposure on startup
2017-04-13 16:15:18.308  INFO 6032 --- [main] s.b.c.e.t.TomcatEmbeddedServletContainer : Tomcat started on port(s): 80 (http)
2017-04-13 16:15:18.312  INFO 6032 --- [main] com.zhb.cloud.MyCloudLogApplication      : Started MyCloudLogApplication in 4.537 seconds (JVM running for 5.091)
